C:\Repos\WeatherWebAPI\WeatherWebApi\ClientApp\WeatherClient\dist\out-tsc\e2e\src\app.po.js
C:\Repos\WeatherWebAPI\WeatherWebApi\ClientApp\WeatherClient\dist\out-tsc\e2e\src\app.po.js.map
C:\Repos\WeatherWebAPI\WeatherWebApi\ClientApp\WeatherClient\dist\out-tsc\e2e\src\app.e2e-spec.js
C:\Repos\WeatherWebAPI\WeatherWebApi\ClientApp\WeatherClient\dist\out-tsc\e2e\src\app.e2e-spec.js.map
C:\Repos\WeatherWebAPI\WeatherWebApi\ClientApp\WeatherClient\dist\out-tsc\src\app\weather-forecast\weather-forecast.model.js
C:\Repos\WeatherWebAPI\WeatherWebApi\ClientApp\WeatherClient\dist\out-tsc\src\app\weather-forecast\weather-forecast.model.js.map
C:\Repos\WeatherWebAPI\WeatherWebApi\ClientApp\WeatherClient\dist\out-tsc\src\app\weather-forecast\weather-forecast.service.js
C:\Repos\WeatherWebAPI\WeatherWebApi\ClientApp\WeatherClient\dist\out-tsc\src\app\weather-forecast\weather-forecast.service.js.map
C:\Repos\WeatherWebAPI\WeatherWebApi\ClientApp\WeatherClient\dist\out-tsc\src\app\weather-forecast\weather-forecast.component.js
C:\Repos\WeatherWebAPI\WeatherWebApi\ClientApp\WeatherClient\dist\out-tsc\src\app\weather-forecast\weather-forecast.component.js.map
C:\Repos\WeatherWebAPI\WeatherWebApi\ClientApp\WeatherClient\dist\out-tsc\src\app\app-routing.module.js
C:\Repos\WeatherWebAPI\WeatherWebApi\ClientApp\WeatherClient\dist\out-tsc\src\app\app-routing.module.js.map
C:\Repos\WeatherWebAPI\WeatherWebApi\ClientApp\WeatherClient\dist\out-tsc\src\app\app.component.js
C:\Repos\WeatherWebAPI\WeatherWebApi\ClientApp\WeatherClient\dist\out-tsc\src\app\app.component.js.map
C:\Repos\WeatherWebAPI\WeatherWebApi\ClientApp\WeatherClient\dist\out-tsc\src\app\app.module.js
C:\Repos\WeatherWebAPI\WeatherWebApi\ClientApp\WeatherClient\dist\out-tsc\src\app\app.module.js.map
C:\Repos\WeatherWebAPI\WeatherWebApi\ClientApp\WeatherClient\dist\out-tsc\src\environments\environment.js
C:\Repos\WeatherWebAPI\WeatherWebApi\ClientApp\WeatherClient\dist\out-tsc\src\environments\environment.js.map
C:\Repos\WeatherWebAPI\WeatherWebApi\ClientApp\WeatherClient\dist\out-tsc\src\main.js
C:\Repos\WeatherWebAPI\WeatherWebApi\ClientApp\WeatherClient\dist\out-tsc\src\main.js.map
C:\Repos\WeatherWebAPI\WeatherWebApi\ClientApp\WeatherClient\dist\out-tsc\src\polyfills.js
C:\Repos\WeatherWebAPI\WeatherWebApi\ClientApp\WeatherClient\dist\out-tsc\src\polyfills.js.map
C:\Repos\WeatherWebAPI\WeatherWebApi\ClientApp\WeatherClient\dist\out-tsc\src\test.js
C:\Repos\WeatherWebAPI\WeatherWebApi\ClientApp\WeatherClient\dist\out-tsc\src\test.js.map
C:\Repos\WeatherWebAPI\WeatherWebApi\ClientApp\WeatherClient\dist\out-tsc\src\app\app.component.spec.js
C:\Repos\WeatherWebAPI\WeatherWebApi\ClientApp\WeatherClient\dist\out-tsc\src\app\app.component.spec.js.map
C:\Repos\WeatherWebAPI\WeatherWebApi\ClientApp\WeatherClient\dist\out-tsc\src\app\weather-forecast\weather-forecast.component.spec.js
C:\Repos\WeatherWebAPI\WeatherWebApi\ClientApp\WeatherClient\dist\out-tsc\src\app\weather-forecast\weather-forecast.component.spec.js.map
C:\Repos\WeatherWebAPI\WeatherWebApi\ClientApp\WeatherClient\dist\out-tsc\src\environments\environment.prod.js
C:\Repos\WeatherWebAPI\WeatherWebApi\ClientApp\WeatherClient\dist\out-tsc\src\environments\environment.prod.js.map
